<?xml version="1.0" encoding="UTF-8"?>
<testsuite xmlns:xsi="http://www.w3.org/2001/XMLSchema-instance" xsi:noNamespaceSchemaLocation="https://maven.apache.org/surefire/maven-surefire-plugin/xsd/surefire-test-report-3.0.xsd" version="3.0" name="pedido.PedidoTest" time="0.047" tests="6" errors="0" skipped="0" failures="0">
  <properties>
[...]
</properties>
  <testcase name="Deve_Calcular_Resumo_Para_Dois_Item_Sem_Descoto" classname="pedido.PedidoTest" time="0.015"/>
  <testcase name="deve_Calucluar_Resumo_Para_Um_Item_Sem_Desconto" classname="pedido.PedidoTest" time="0.0"/>
  <testcase name="Deve_Aplicar_Desconto_na_Terceira_Faixa" classname="pedido.PedidoTest" time="0.0"/>
  <testcase name="Deve_Aplicar_Desconto_Na_Primeira_Faixa" classname="pedido.PedidoTest" time="0.0"/>
  <testcase name="Deve_Aplicar_Desconto_Na_Segunda_Faixa" classname="pedido.PedidoTest" time="0.0"/>
  <testcase name="deve_Calcular_Valor_Total_e_Desconto_Pedido_Vazio" classname="pedido.PedidoTest" time="0.0"/>
</testsuite>